<?xml version="1.0" encoding="UTF-8"?>
<testsuites>
  <testsuite name="Project 1.Project 1 TestSuite 1" time="0.848" tests="1" failures="1" errors="0" package="Project 1" id="1">
    <properties>
[...]
</properties>
    <testcase name="TestCase 1" time="0.82">
      <failure type="The test run was cancelled due to a failed test step." message="The test run was cancelled due to a failed test step."><![CDATA[<h3><b>REST Request Failed</b></h3><pre>org.apache.http.conn.HttpHostConnectException: Connect to localhost:8090 [localhost/127.0.0.1, localhost/0:0:0:0:0:0:0:1] failed: Connection refused (Connection refused)
Status: FAIL
Time Taken: 0
Size: 0
Timestamp: Fri Oct 25 09:49:46 EET 2019
TestStep: REST Request

----------------- Messages ------------------------------
org.apache.http.conn.HttpHostConnectException: Connect to localhost:8090 [localhost/127.0.0.1, localhost/0:0:0:0:0:0:0:1] failed: Connection refused (Connection refused)

- missing response / garbage collected -
</pre><hr/>]]></failure>
    </testcase>
  </testsuite>
</testsuites>